<?xml version="1.0" encoding="utf-8"?><testsuites name="pytest tests"><testsuite name="pytest" errors="0" failures="0" skipped="0" tests="13" time="7.405" timestamp="2026-03-10T08:00:17.549775+00:00" hostname="agent-env-f37d840f-8ee3-4ac7-b714-3c9b61373bb2"><testcase classname="tests.test_activity_timestamps_and_daily_report.TestActivityTimestampsAndDailyReport" name="test_admin_login" time="0.478" /><testcase classname="tests.test_activity_timestamps_and_daily_report.TestActivityTimestampsAndDailyReport" name="test_ops_login" time="0.332" /><testcase classname="tests.test_activity_timestamps_and_daily_report.TestActivityTimestampsAndDailyReport" name="test_daily_report_managers_list" time="0.420" /><testcase classname="tests.test_activity_timestamps_and_daily_report.TestActivityTimestampsAndDailyReport" name="test_daily_report_generation" time="0.507" /><testcase classname="tests.test_activity_timestamps_and_daily_report.TestActivityTimestampsAndDailyReport" name="test_daily_report_with_date_filter" time="0.445" /><testcase classname="tests.test_activity_timestamps_and_daily_report.TestActivityTimestampsAndDailyReport" name="test_get_lead_eligibilities" time="0.559" /><testcase classname="tests.test_activity_timestamps_and_daily_report.TestActivityTimestampsAndDailyReport" name="test_eligibility_update_saves_login_done_at_timestamp" time="0.669" /><testcase classname="tests.test_activity_timestamps_and_daily_report.TestActivityTimestampsAndDailyReport" name="test_eligibility_update_saves_approved_at_timestamp" time="0.662" /><testcase classname="tests.test_activity_timestamps_and_daily_report.TestActivityTimestampsAndDailyReport" name="test_eligibility_update_saves_disbursed_at_timestamp" time="0.650" /><testcase classname="tests.test_activity_timestamps_and_daily_report.TestActivityTimestampsAndDailyReport" name="test_eligibility_update_saves_rejected_at_timestamp" time="0.661" /><testcase classname="tests.test_activity_timestamps_and_daily_report.TestActivityTimestampsAndDailyReport" name="test_timestamp_preserved_on_subsequent_updates" time="0.898" /><testcase classname="tests.test_activity_timestamps_and_daily_report.TestActivityTimestampsAndDailyReport" name="test_total_eligible_api" time="0.416" /><testcase classname="tests.test_activity_timestamps_and_daily_report.TestActivityTimestampsAndDailyReport" name="test_cleanup_test_eligibilities" time="0.624" /></testsuite></testsuites>