<?xml version="1.0" encoding="utf-8"?><testsuites name="pytest tests"><testsuite name="pytest" errors="0" failures="0" skipped="0" tests="8" time="5.382" timestamp="2026-03-10T08:12:31.651370+00:00" hostname="agent-env-f37d840f-8ee3-4ac7-b714-3c9b61373bb2"><testcase classname="backend.tests.test_activity_timestamps_and_stats.TestActivityTimestamps" name="test_existing_lead_has_timestamps" time="0.613" /><testcase classname="backend.tests.test_activity_timestamps_and_stats.TestActivityTimestamps" name="test_timestamp_set_on_login_done" time="0.792" /><testcase classname="backend.tests.test_activity_timestamps_and_stats.TestActivityTimestamps" name="test_timestamp_set_on_approval" time="0.740" /><testcase classname="backend.tests.test_activity_timestamps_and_stats.TestActivityTimestamps" name="test_timestamp_set_on_disbursement" time="0.820" /><testcase classname="backend.tests.test_activity_timestamps_and_stats.TestActivityTimestamps" name="test_timestamp_set_on_rejection" time="0.784" /><testcase classname="backend.tests.test_activity_timestamps_and_stats.TestActivityTimestamps" name="test_timestamp_preserved_on_update" time="0.631" /><testcase classname="backend.tests.test_activity_timestamps_and_stats.TestDailyReportAPI" name="test_daily_report_endpoint_exists" time="0.436" /><testcase classname="backend.tests.test_activity_timestamps_and_stats.TestDailyReportAPI" name="test_daily_report_summary_fields" time="0.487" /></testsuite></testsuites>