<?xml version="1.0" encoding="utf-8"?><testsuites name="pytest tests"><testsuite name="pytest" errors="0" failures="0" skipped="0" tests="12" time="8.850" timestamp="2026-03-13T09:39:38.191350+00:00" hostname="agent-env-5c15fbf2-3014-400e-a472-d1165216ddae"><testcase classname="backend.tests.test_admin_edit_user.TestAdminEditUser" name="test_admin_login_success" time="0.835" /><testcase classname="backend.tests.test_admin_edit_user.TestAdminEditUser" name="test_get_all_users_returns_all_types" time="0.548" /><testcase classname="backend.tests.test_admin_edit_user.TestAdminEditUser" name="test_edit_operations_user_basic_info" time="0.764" /><testcase classname="backend.tests.test_admin_edit_user.TestAdminEditUser" name="test_edit_manager_basic_info" time="0.784" /><testcase classname="backend.tests.test_admin_edit_user.TestAdminEditUser" name="test_edit_team_leader_basic_info" time="0.766" /><testcase classname="backend.tests.test_admin_edit_user.TestAdminEditUser" name="test_edit_agent_basic_info_and_bank_details" time="0.735" /><testcase classname="backend.tests.test_admin_edit_user.TestAdminEditUser" name="test_edit_partner_basic_info_and_bank_details" time="0.819" /><testcase classname="backend.tests.test_admin_edit_user.TestAdminEditUser" name="test_edit_agent_role_mapping" time="0.742" /><testcase classname="backend.tests.test_admin_edit_user.TestAdminEditUser" name="test_edit_team_leader_manager_mapping" time="0.751" /><testcase classname="backend.tests.test_admin_edit_user.TestAdminEditUser" name="test_edit_user_invalid_type_returns_400" time="0.611" /><testcase classname="backend.tests.test_admin_edit_user.TestAdminEditUser" name="test_edit_user_not_found_returns_404" time="0.562" /><testcase classname="backend.tests.test_admin_edit_user.TestAdminEditUser" name="test_non_admin_cannot_edit_users" time="0.864" /></testsuite></testsuites>