<?xml version="1.0" encoding="utf-8"?><testsuites name="pytest tests"><testsuite name="pytest" errors="0" failures="0" skipped="0" tests="29" time="6.088" timestamp="2026-02-07T11:00:16.627366+00:00" hostname="agent-env-f1d8cdee-de87-437c-9d01-934ad83d858c"><testcase classname="backend.tests.test_lead_assignment.TestAdminLogin" name="test_admin_login_success" time="0.290" /><testcase classname="backend.tests.test_lead_assignment.TestAdminLogin" name="test_admin_login_invalid_password" time="0.265" /><testcase classname="backend.tests.test_lead_assignment.TestOperationsLogin" name="test_operations_login_success" time="0.261" /><testcase classname="backend.tests.test_lead_assignment.TestOperationsLogin" name="test_operations_login_invalid_password" time="0.263" /><testcase classname="backend.tests.test_lead_assignment.TestOperationsTeamEndpoint" name="test_get_operations_team_as_admin" time="0.309" /><testcase classname="backend.tests.test_lead_assignment.TestOperationsTeamEndpoint" name="test_get_operations_team_as_operations" time="0.307" /><testcase classname="backend.tests.test_lead_assignment.TestOperationsTeamEndpoint" name="test_get_operations_team_unauthorized" time="0.038" /><testcase classname="backend.tests.test_lead_assignment.TestLeadAssignment" name="test_assign_lead_as_admin" time="0.425" /><testcase classname="backend.tests.test_lead_assignment.TestLeadAssignment" name="test_assign_lead_as_operations" time="0.607" /><testcase classname="backend.tests.test_lead_assignment.TestLeadAssignment" name="test_assign_lead_invalid_assignee" time="0.344" /><testcase classname="backend.tests.test_lead_assignment.TestLeadAssignment" name="test_assign_lead_to_non_operations" time="0.347" /><testcase classname="backend.tests.test_lead_assignment.TestLeadAssignment" name="test_assign_lead_invalid_lead_id" time="0.305" /><testcase classname="backend.tests.test_lead_assignment.TestLeadAssignment" name="test_assign_lead_unauthorized" time="0.352" /><testcase classname="backend.tests.test_lead_assignment.TestOperationsDashboardData" name="test_operations_can_view_leads" time="0.313" /><testcase classname="backend.tests.test_lead_assignment.TestOperationsDashboardData" name="test_operations_can_view_lead_detail" time="0.381" /><testcase classname="backend.tests.test_qr_and_auth.TestHealthCheck" name="test_api_health" time="0.035" /><testcase classname="backend.tests.test_qr_and_auth.TestOTPAuthentication" name="test_send_otp_agent" time="0.039" /><testcase classname="backend.tests.test_qr_and_auth.TestOTPAuthentication" name="test_send_otp_partner" time="0.039" /><testcase classname="backend.tests.test_qr_and_auth.TestOTPAuthentication" name="test_verify_otp_agent_success" time="0.039" /><testcase classname="backend.tests.test_qr_and_auth.TestOTPAuthentication" name="test_verify_otp_partner_success" time="0.041" /><testcase classname="backend.tests.test_qr_and_auth.TestOTPAuthentication" name="test_verify_otp_invalid_code" time="0.061" /><testcase classname="backend.tests.test_qr_and_auth.TestQRCodeGeneration" name="test_qr_data_for_agent" time="0.124" /><testcase classname="backend.tests.test_qr_and_auth.TestQRCodeGeneration" name="test_qr_data_for_partner" time="0.078" /><testcase classname="backend.tests.test_qr_and_auth.TestQRCodeGeneration" name="test_qr_generate_image_for_agent" time="0.090" /><testcase classname="backend.tests.test_qr_and_auth.TestQRCodeGeneration" name="test_qr_generate_image_for_partner" time="0.120" /><testcase classname="backend.tests.test_qr_and_auth.TestQRCodeGeneration" name="test_qr_data_invalid_id" time="0.037" /><testcase classname="backend.tests.test_qr_and_auth.TestAgentEndpoints" name="test_get_agent_by_user_id" time="0.077" /><testcase classname="backend.tests.test_qr_and_auth.TestPartnerEndpoints" name="test_get_partner_dashboard" time="0.079" /><testcase classname="backend.tests.test_qr_and_auth.TestRegistrationFlow" name="test_agent_registration_creates_agent_record" time="0.346" /></testsuite></testsuites>