<?xml version="1.0" encoding="utf-8"?><testsuites name="pytest tests"><testsuite name="pytest" errors="0" failures="0" skipped="0" tests="8" time="2.980" timestamp="2026-08-28T07:44:22.418118+00:00" hostname="agent-env-12cc4622-e402-40ae-b5ad-cbf80be76cf3"><testcase classname="backend.tests.test_bank_policies_eligibility.TestPolicyCRUD" name="test_list_all_policies" time="0.641" /><testcase classname="backend.tests.test_bank_policies_eligibility.TestPolicyCRUD" name="test_list_active_only" time="0.146" /><testcase classname="backend.tests.test_bank_policies_eligibility.TestPolicyCRUD" name="test_create_update_delete_policy" time="0.798" /><testcase classname="backend.tests.test_bank_policies_eligibility.TestPolicyCRUD" name="test_non_admin_cannot_create" time="0.499" /><testcase classname="backend.tests.test_bank_policies_eligibility.TestEligibility" name="test_check_eligibility_good_lead" time="0.172" /><testcase classname="backend.tests.test_bank_policies_eligibility.TestEligibility" name="test_check_eligibility_invalid_lead" time="0.157" /><testcase classname="backend.tests.test_bank_policies_eligibility.TestEligibility" name="test_eligibility_history" time="0.377" /><testcase classname="backend.tests.test_bank_policies_eligibility.TestEligibility" name="test_unauthenticated_blocked" time="0.130" /></testsuite></testsuites>