<?xml version="1.0" encoding="utf-8"?><testsuites name="pytest tests"><testsuite name="pytest" errors="0" failures="0" skipped="0" tests="13" time="5.524" timestamp="2026-02-08T11:52:55.778731+00:00" hostname="agent-env-0302516e-b709-460b-b846-64561c0c2acf"><testcase classname="backend.tests.test_bulk_assign_and_ops_user.TestCreateOpsUser" name="test_create_ops_user_success" time="0.583" /><testcase classname="backend.tests.test_bulk_assign_and_ops_user.TestCreateOpsUser" name="test_new_ops_user_can_login" time="0.777" /><testcase classname="backend.tests.test_bulk_assign_and_ops_user.TestCreateOpsUser" name="test_create_ops_user_duplicate_email" time="0.298" /><testcase classname="backend.tests.test_bulk_assign_and_ops_user.TestCreateOpsUser" name="test_non_admin_cannot_create_ops_user" time="0.550" /><testcase classname="backend.tests.test_bulk_assign_and_ops_user.TestCreateOpsUser" name="test_create_ops_user_without_auth" time="0.337" /><testcase classname="backend.tests.test_bulk_assign_and_ops_user.TestBulkLeadAssignment" name="test_bulk_assign_success" time="0.377" /><testcase classname="backend.tests.test_bulk_assign_and_ops_user.TestBulkLeadAssignment" name="test_bulk_assign_empty_leads" time="0.405" /><testcase classname="backend.tests.test_bulk_assign_and_ops_user.TestBulkLeadAssignment" name="test_bulk_assign_invalid_assignee" time="0.411" /><testcase classname="backend.tests.test_bulk_assign_and_ops_user.TestBulkLeadAssignment" name="test_bulk_assign_to_non_ops_user" time="0.473" /><testcase classname="backend.tests.test_bulk_assign_and_ops_user.TestBulkLeadAssignment" name="test_non_admin_cannot_bulk_assign" time="0.625" /><testcase classname="backend.tests.test_bulk_assign_and_ops_user.TestOperationsTeamEndpoint" name="test_get_ops_team_as_admin" time="0.305" /><testcase classname="backend.tests.test_bulk_assign_and_ops_user.TestOperationsTeamEndpoint" name="test_get_ops_team_as_ops" time="0.292" /><testcase classname="backend.tests.test_bulk_assign_and_ops_user.TestOperationsTeamEndpoint" name="test_get_ops_team_without_auth" time="0.030" /></testsuite></testsuites>