<?xml version="1.0" encoding="utf-8"?><testsuites name="pytest tests"><testsuite name="pytest" errors="0" failures="0" skipped="1" tests="11" time="1.807" timestamp="2026-02-08T11:26:38.995983+00:00" hostname="agent-env-0302516e-b709-460b-b846-64561c0c2acf"><testcase classname="backend.tests.test_commission_tracking.TestCommissionTracking" name="test_eligibility_update_without_commission" time="0.407" /><testcase classname="backend.tests.test_commission_tracking.TestCommissionTracking" name="test_eligibility_update_with_disbursement_and_commission" time="0.036" /><testcase classname="backend.tests.test_commission_tracking.TestCommissionTracking" name="test_eligibility_auto_calculates_commission_amount" time="0.077" /><testcase classname="backend.tests.test_commission_tracking.TestCommissionTracking" name="test_multiple_eligibilities_with_commission" time="0.034" /><testcase classname="backend.tests.test_commission_tracking.TestCommissionTracking" name="test_earnings_endpoint_returns_data" time="0.075" /><testcase classname="backend.tests.test_commission_tracking.TestCommissionTracking" name="test_earnings_endpoint_unauthorized_access" time="0.035" /><testcase classname="backend.tests.test_commission_tracking.TestCommissionTracking" name="test_earnings_endpoint_without_auth" time="0.034" /><testcase classname="backend.tests.test_commission_tracking.TestCommissionTracking" name="test_lead_detail_includes_eligibilities" time="0.034" /><testcase classname="backend.tests.test_commission_tracking.TestCommissionTracking" name="test_agent_login_and_get_earnings" time="0.069"><skipped type="pytest.skip" message="User is not an agent">/app/backend/tests/test_commission_tracking.py:333: User is not an agent</skipped></testcase><testcase classname="backend.tests.test_commission_tracking.TestCommissionCalculation" name="test_commission_calculation_formula" time="0.513" /><testcase classname="backend.tests.test_commission_tracking.TestCommissionCrediting" name="test_commission_credited_to_agent" time="0.446" /></testsuite></testsuites>