<?xml version="1.0" encoding="utf-8"?><testsuites name="pytest tests"><testsuite name="pytest" errors="0" failures="0" skipped="0" tests="12" time="10.495" timestamp="2026-03-09T14:44:07.495536+00:00" hostname="agent-env-63992087-1184-4623-95e7-8e7248459ab3"><testcase classname="backend.tests.test_daily_report.TestDailyReportEndpoints" name="test_admin_login_success" time="1.191" /><testcase classname="backend.tests.test_daily_report.TestDailyReportEndpoints" name="test_ops_login_success" time="1.042" /><testcase classname="backend.tests.test_daily_report.TestDailyReportEndpoints" name="test_daily_report_admin_access" time="0.842" /><testcase classname="backend.tests.test_daily_report.TestDailyReportEndpoints" name="test_daily_report_ops_access" time="0.803" /><testcase classname="backend.tests.test_daily_report.TestDailyReportEndpoints" name="test_daily_report_unauthorized_access" time="0.786" /><testcase classname="backend.tests.test_daily_report.TestDailyReportEndpoints" name="test_daily_report_invalid_date_format" time="0.856" /><testcase classname="backend.tests.test_daily_report.TestDailyReportEndpoints" name="test_daily_report_lead_structure" time="0.793" /><testcase classname="backend.tests.test_daily_report.TestDailyReportEndpoints" name="test_managers_list_admin_access" time="0.814" /><testcase classname="backend.tests.test_daily_report.TestDailyReportEndpoints" name="test_managers_list_ops_access" time="0.789" /><testcase classname="backend.tests.test_daily_report.TestDailyReportEndpoints" name="test_managers_list_unauthorized_access" time="0.794" /><testcase classname="backend.tests.test_daily_report.TestDailyReportEndpoints" name="test_daily_report_with_manager_filter" time="0.919" /><testcase classname="backend.tests.test_daily_report.TestDailyReportEndpoints" name="test_daily_report_date_range_filtering" time="0.794" /></testsuite></testsuites>