<?xml version="1.0" encoding="utf-8"?><testsuites name="pytest tests"><testsuite name="pytest" errors="0" failures="0" skipped="0" tests="16" time="13.608" timestamp="2026-03-09T15:08:23.238459+00:00" hostname="agent-env-63992087-1184-4623-95e7-8e7248459ab3"><testcase classname="backend.tests.test_daily_report.TestDailyReportEndpoints" name="test_admin_login_success" time="1.094" /><testcase classname="backend.tests.test_daily_report.TestDailyReportEndpoints" name="test_ops_login_success" time="1.046" /><testcase classname="backend.tests.test_daily_report.TestDailyReportEndpoints" name="test_daily_report_admin_access" time="0.795" /><testcase classname="backend.tests.test_daily_report.TestDailyReportEndpoints" name="test_daily_report_ops_access" time="0.834" /><testcase classname="backend.tests.test_daily_report.TestDailyReportEndpoints" name="test_daily_report_unauthorized_access" time="0.766" /><testcase classname="backend.tests.test_daily_report.TestDailyReportEndpoints" name="test_daily_report_invalid_date_format" time="0.801" /><testcase classname="backend.tests.test_daily_report.TestDailyReportEndpoints" name="test_daily_report_lead_structure" time="0.825" /><testcase classname="backend.tests.test_daily_report.TestDailyReportEndpoints" name="test_daily_report_status_details_structure" time="0.780" /><testcase classname="backend.tests.test_daily_report.TestDailyReportEndpoints" name="test_daily_report_total_login_amount_in_summary" time="0.817" /><testcase classname="backend.tests.test_daily_report.TestDailyReportEndpoints" name="test_rejected_lead_status_details" time="0.795" /><testcase classname="backend.tests.test_daily_report.TestDailyReportEndpoints" name="test_documents_pending_lead_status_details" time="0.837" /><testcase classname="backend.tests.test_daily_report.TestDailyReportEndpoints" name="test_managers_list_admin_access" time="0.790" /><testcase classname="backend.tests.test_daily_report.TestDailyReportEndpoints" name="test_managers_list_ops_access" time="0.882" /><testcase classname="backend.tests.test_daily_report.TestDailyReportEndpoints" name="test_managers_list_unauthorized_access" time="0.801" /><testcase classname="backend.tests.test_daily_report.TestDailyReportEndpoints" name="test_daily_report_with_manager_filter" time="0.882" /><testcase classname="backend.tests.test_daily_report.TestDailyReportEndpoints" name="test_daily_report_date_range_filtering" time="0.777" /></testsuite></testsuites>