<?xml version="1.0" encoding="utf-8"?><testsuites name="pytest tests"><testsuite name="pytest" errors="0" failures="1" skipped="0" tests="17" time="45.373" timestamp="2026-08-28T11:44:15.220120+00:00" hostname="agent-env-12cc4622-e402-40ae-b5ad-cbf80be76cf3"><testcase classname="backend.tests.test_document_ai.TestAuthEnforcement" name="test_parse_external_no_auth" time="0.263" /><testcase classname="backend.tests.test_document_ai.TestAuthEnforcement" name="test_auto_fill_no_auth" time="0.118" /><testcase classname="backend.tests.test_document_ai.TestAuthEnforcement" name="test_parse_document_no_auth" time="0.137" /><testcase classname="backend.tests.test_document_ai.TestAuthEnforcement" name="test_get_parses_no_auth" time="0.152" /><testcase classname="backend.tests.test_document_ai.TestParseExternalCRIF" name="test_status_and_shape" time="43.547" /><testcase classname="backend.tests.test_document_ai.TestParseExternalCRIF" name="test_credit_score" time="0.000" /><testcase classname="backend.tests.test_document_ai.TestParseExternalCRIF" name="test_customer_name" time="0.000" /><testcase classname="backend.tests.test_document_ai.TestParseExternalCRIF" name="test_active_accounts" time="0.000" /><testcase classname="backend.tests.test_document_ai.TestParseExternalCRIF" name="test_outstanding_balance_present" time="0.000" /><testcase classname="backend.tests.test_document_ai.TestParseExternalCRIF" name="test_key_fields_present" time="0.000" /><testcase classname="backend.tests.test_document_ai.TestAutoFill" name="test_auto_fill_updates_lead" time="0.242" /><testcase classname="backend.tests.test_document_ai.TestAutoFill" name="test_lead_reflects_parsed_data" time="0.137" /><testcase classname="backend.tests.test_document_ai.TestAutoFill" name="test_eligibility_reruns_with_new_data" time="0.169" /><testcase classname="backend.tests.test_document_ai.TestAutoFill" name="test_auto_fill_bad_lead_returns_404" time="0.156" /><testcase classname="backend.tests.test_document_ai.TestParseDocumentEdge" name="test_lead_without_documents" time="0.137"><failure message="KeyError: 'id'">backend/tests/test_document_ai.py:182: in test_lead_without_documents
    lead_id = r.json()["id"]
              ^^^^^^^^^^^^^^
E   KeyError: 'id'</failure></testcase><testcase classname="backend.tests.test_document_ai.TestParseDocumentEdge" name="test_nonexistent_lead" time="0.103" /><testcase classname="backend.tests.test_document_ai.TestParseHistory" name="test_history_contains_recent_parse" time="0.121" /></testsuite></testsuites>