<?xml version="1.0" encoding="utf-8"?><testsuites name="pytest tests"><testsuite name="pytest" errors="0" failures="0" skipped="0" tests="12" time="9.928" timestamp="2026-03-09T09:54:38.074807+00:00" hostname="agent-env-634d7b6f-69ef-4029-ad4f-ae3a3c5c6c17"><testcase classname="backend.tests.test_earnings_and_user_creation.TestSystemEarnings" name="test_system_earnings_as_admin" time="0.978" /><testcase classname="backend.tests.test_earnings_and_user_creation.TestSystemEarnings" name="test_system_earnings_as_ops" time="0.770" /><testcase classname="backend.tests.test_earnings_and_user_creation.TestSystemEarnings" name="test_system_earnings_unauthorized" time="0.937" /><testcase classname="backend.tests.test_earnings_and_user_creation.TestCreateManager" name="test_create_manager_success" time="1.432" /><testcase classname="backend.tests.test_earnings_and_user_creation.TestCreateManager" name="test_create_manager_duplicate_email" time="0.828" /><testcase classname="backend.tests.test_earnings_and_user_creation.TestCreateManager" name="test_create_manager_ops_forbidden" time="0.803" /><testcase classname="backend.tests.test_earnings_and_user_creation.TestCreateTeamLeader" name="test_create_team_leader_success" time="1.188" /><testcase classname="backend.tests.test_earnings_and_user_creation.TestCreateTeamLeader" name="test_create_team_leader_with_manager" time="0.863" /><testcase classname="backend.tests.test_earnings_and_user_creation.TestCreateTeamLeader" name="test_create_team_leader_invalid_manager" time="0.603" /><testcase classname="backend.tests.test_earnings_and_user_creation.TestAllUsersEndpoint" name="test_all_users_includes_managers" time="0.472" /><testcase classname="backend.tests.test_earnings_and_user_creation.TestAllUsersEndpoint" name="test_all_users_includes_team_leaders" time="0.463" /><testcase classname="backend.tests.test_earnings_and_user_creation.TestDisbursedReversalCommission" name="test_eligibilities_reversal_logic_in_code" time="0.500" /></testsuite></testsuites>