<?xml version="1.0" encoding="utf-8"?><testsuites name="pytest tests"><testsuite name="pytest" errors="0" failures="2" skipped="0" tests="13" time="10.372" timestamp="2026-03-09T09:49:28.352294+00:00" hostname="agent-env-634d7b6f-69ef-4029-ad4f-ae3a3c5c6c17"><testcase classname="backend.tests.test_earnings_and_user_creation.TestSystemEarnings" name="test_system_earnings_as_admin" time="0.978" /><testcase classname="backend.tests.test_earnings_and_user_creation.TestSystemEarnings" name="test_system_earnings_as_ops" time="0.789" /><testcase classname="backend.tests.test_earnings_and_user_creation.TestSystemEarnings" name="test_system_earnings_unauthorized" time="0.864" /><testcase classname="backend.tests.test_earnings_and_user_creation.TestCreateManager" name="test_create_manager_success" time="1.369" /><testcase classname="backend.tests.test_earnings_and_user_creation.TestCreateManager" name="test_create_manager_duplicate_email" time="0.773" /><testcase classname="backend.tests.test_earnings_and_user_creation.TestCreateManager" name="test_create_manager_ops_forbidden" time="0.777" /><testcase classname="backend.tests.test_earnings_and_user_creation.TestCreateTeamLeader" name="test_create_team_leader_success" time="1.119" /><testcase classname="backend.tests.test_earnings_and_user_creation.TestCreateTeamLeader" name="test_create_team_leader_with_manager" time="0.792" /><testcase classname="backend.tests.test_earnings_and_user_creation.TestCreateTeamLeader" name="test_create_team_leader_invalid_manager" time="0.568" /><testcase classname="backend.tests.test_earnings_and_user_creation.TestAllUsersEndpoint" name="test_all_users_includes_managers" time="0.465" /><testcase classname="backend.tests.test_earnings_and_user_creation.TestAllUsersEndpoint" name="test_all_users_includes_team_leaders" time="0.486" /><testcase classname="backend.tests.test_earnings_and_user_creation.TestDisbursedReversalCommission" name="test_eligibilities_endpoint_exists" time="0.576"><failure message="assert 404 == 200&#10; +  where 404 = &lt;Response [404]&gt;.status_code">backend/tests/test_earnings_and_user_creation.py:367: in test_eligibilities_endpoint_exists
    assert response.status_code == 200
E   assert 404 == 200
E    +  where 404 = &lt;Response [404]&gt;.status_code</failure></testcase><testcase classname="backend.tests.test_earnings_and_user_creation.TestDisbursedReversalCommission" name="test_eligibilities_update_structure" time="0.684"><failure message="assert 422 == 200&#10; +  where 422 = &lt;Response [422]&gt;.status_code">backend/tests/test_earnings_and_user_creation.py:408: in test_eligibilities_update_structure
    assert response.status_code == 200
E   assert 422 == 200
E    +  where 422 = &lt;Response [422]&gt;.status_code</failure></testcase></testsuite></testsuites>