<?xml version="1.0" encoding="utf-8"?><testsuites name="pytest tests"><testsuite name="pytest" errors="0" failures="0" skipped="0" tests="8" time="1.501" timestamp="2026-08-28T13:49:00.671577+00:00" hostname="agent-env-12cc4622-e402-40ae-b5ad-cbf80be76cf3"><testcase classname="backend.tests.test_eligibility_and_auto_parse.TestEligibilityBugFix" name="test_snapshot_structure" time="0.566" /><testcase classname="backend.tests.test_eligibility_and_auto_parse.TestEligibilityBugFix" name="test_hdfc_is_eligible" time="0.000" /><testcase classname="backend.tests.test_eligibility_and_auto_parse.TestEligibilityBugFix" name="test_many_banks_eligible" time="0.000" /><testcase classname="backend.tests.test_eligibility_and_auto_parse.TestEligibilityBugFix" name="test_missing_employment_generates_warning_not_downgrade" time="0.000" /><testcase classname="backend.tests.test_eligibility_and_auto_parse.TestEligibilityBugFix" name="test_critical_checks_still_work" time="0.403" /><testcase classname="backend.tests.test_eligibility_and_auto_parse.TestAutoParseAll" name="test_endpoint_exists_and_returns_expected_shape_no_docs" time="0.202" /><testcase classname="backend.tests.test_eligibility_and_auto_parse.TestAutoParseAll" name="test_unknown_lead_returns_404" time="0.169" /><testcase classname="backend.tests.test_eligibility_and_auto_parse.TestAutoParseAll" name="test_auth_required" time="0.114" /></testsuite></testsuites>