<?xml version="1.0" encoding="utf-8"?><testsuites name="pytest tests"><testsuite name="pytest" errors="0" failures="0" skipped="0" tests="8" time="2.411" timestamp="2026-08-28T10:24:38.195539+00:00" hostname="agent-env-12cc4622-e402-40ae-b5ad-cbf80be76cf3"><testcase classname="backend.tests.test_emi_foir_bugfix" name="test_lead_has_obligations_emi_field" time="0.624" /><testcase classname="backend.tests.test_emi_foir_bugfix" name="test_eligibility_reads_obligations_emi" time="0.275" /><testcase classname="backend.tests.test_emi_foir_bugfix" name="test_eligibility_auto_calculates_foir" time="0.142" /><testcase classname="backend.tests.test_emi_foir_bugfix" name="test_foir_rule_source_is_autocalculated" time="0.271" /><testcase classname="backend.tests.test_emi_foir_bugfix" name="test_eligible_amount_deducts_obligations_emi" time="0.139" /><testcase classname="backend.tests.test_emi_foir_bugfix" name="test_raju_lead_bugfix_effect" time="0.156" /><testcase classname="backend.tests.test_emi_foir_bugfix" name="test_backward_compat_existing_emi_field" time="0.356" /><testcase classname="backend.tests.test_emi_foir_bugfix" name="test_explicit_foir_overrides_autocalc" time="0.389" /></testsuite></testsuites>