<?xml version="1.0" encoding="utf-8"?><testsuites name="pytest tests"><testsuite name="pytest" errors="0" failures="0" skipped="0" tests="25" time="13.324" timestamp="2026-03-09T08:51:01.516798+00:00" hostname="agent-env-634d7b6f-69ef-4029-ad4f-ae3a3c5c6c17"><testcase classname="backend.tests.test_hierarchy_management.TestAuthenticationFlows" name="test_manager_login_success" time="0.476" /><testcase classname="backend.tests.test_hierarchy_management.TestAuthenticationFlows" name="test_team_leader_login_success" time="0.380" /><testcase classname="backend.tests.test_hierarchy_management.TestAuthenticationFlows" name="test_other_managers_login" time="0.663" /><testcase classname="backend.tests.test_hierarchy_management.TestAuthenticationFlows" name="test_other_team_leaders_login" time="1.007" /><testcase classname="backend.tests.test_hierarchy_management.TestHierarchyEndpoints" name="test_get_managers_list" time="0.436" /><testcase classname="backend.tests.test_hierarchy_management.TestHierarchyEndpoints" name="test_get_team_leaders_list" time="0.454" /><testcase classname="backend.tests.test_hierarchy_management.TestHierarchyEndpoints" name="test_get_team_leaders_filtered_by_manager" time="0.542" /><testcase classname="backend.tests.test_hierarchy_management.TestHierarchyEndpoints" name="test_admin_all_users_includes_managers_and_team_leaders" time="0.436" /><testcase classname="backend.tests.test_hierarchy_management.TestTeamLeaderMapping" name="test_map_team_leader_to_manager" time="0.765" /><testcase classname="backend.tests.test_hierarchy_management.TestTeamLeaderMapping" name="test_map_team_leader_invalid_manager" time="0.544" /><testcase classname="backend.tests.test_hierarchy_management.TestUserMapping" name="test_map_agent_to_manager" time="0.534" /><testcase classname="backend.tests.test_hierarchy_management.TestUserMapping" name="test_map_agent_to_manager_and_team_leader" time="0.554" /><testcase classname="backend.tests.test_hierarchy_management.TestUserMapping" name="test_map_user_team_leader_must_be_under_manager" time="0.538" /><testcase classname="backend.tests.test_hierarchy_management.TestManagerDashboard" name="test_manager_my_team" time="0.437" /><testcase classname="backend.tests.test_hierarchy_management.TestManagerDashboard" name="test_manager_my_leads" time="0.444" /><testcase classname="backend.tests.test_hierarchy_management.TestTeamLeaderDashboard" name="test_team_leader_my_team" time="0.429" /><testcase classname="backend.tests.test_hierarchy_management.TestTeamLeaderDashboard" name="test_team_leader_my_leads" time="0.452" /><testcase classname="backend.tests.test_hierarchy_management.TestPasswordChange" name="test_manager_change_password_wrong_current" time="0.661" /><testcase classname="backend.tests.test_hierarchy_management.TestPasswordChange" name="test_team_leader_change_password_wrong_current" time="0.672" /><testcase classname="backend.tests.test_hierarchy_management.TestHierarchyStats" name="test_stats_no_filter" time="0.439" /><testcase classname="backend.tests.test_hierarchy_management.TestHierarchyStats" name="test_stats_filtered_by_manager" time="0.533" /><testcase classname="backend.tests.test_hierarchy_management.TestHierarchyStats" name="test_stats_filtered_by_team_leader" time="0.544" /><testcase classname="backend.tests.test_hierarchy_management.TestAccessControl" name="test_manager_cannot_map_users" time="0.435" /><testcase classname="backend.tests.test_hierarchy_management.TestAccessControl" name="test_team_leader_cannot_map_users" time="0.422" /><testcase classname="backend.tests.test_hierarchy_management.TestAccessControl" name="test_manager_cannot_access_stats" time="0.431" /></testsuite></testsuites>