<?xml version="1.0" encoding="utf-8"?><testsuites name="pytest tests"><testsuite name="pytest" errors="0" failures="1" skipped="0" tests="6" time="0.918" timestamp="2026-08-28T15:00:21.981206+00:00" hostname="agent-env-12cc4622-e402-40ae-b5ad-cbf80be76cf3"><testcase classname="backend.tests.test_historical_and_strength" name="test_profile_strength_is_strong" time="0.691" /><testcase classname="backend.tests.test_historical_and_strength" name="test_results_have_historical_field" time="0.000" /><testcase classname="backend.tests.test_historical_and_strength" name="test_hdfc_has_historical_data" time="0.000" /><testcase classname="backend.tests.test_historical_and_strength" name="test_approval_rate_capped_all_banks" time="0.000" /><testcase classname="backend.tests.test_historical_and_strength" name="test_banks_without_history_have_null" time="0.000" /><testcase classname="backend.tests.test_historical_and_strength" name="test_low_salary_low_cibil_not_eligible" time="0.156"><failure message="AssertionError: {&quot;detail&quot;:[{&quot;type&quot;:&quot;missing&quot;,&quot;loc&quot;:[&quot;body&quot;,&quot;employment_type&quot;],&quot;msg&quot;:&quot;Field required&quot;,&quot;input&quot;:{&quot;full_name&quot;:&quot;TEST_LowStrength Case&quot;,&quot;mobile&quot;:&quot;9000000199&quot;,&quot;email&quot;:&quot;TEST_lowstrength@example.com&quot;,&quot;city&quot;:&quot;Hyderabad&quot;,&quot;requirement&quot;:&quot;personal_loan&quot;,&quot;source&quot;:&quot;test&quot;,&quot;additional_data&quot;:{&quot;net_salary&quot;:5000,&quot;cibil_score&quot;:500,&quot;company_type&quot;:&quot;unlisted&quot;,&quot;age&quot;:30}},&quot;url&quot;:&quot;https://errors.pydantic.dev/2.12/v/missing&quot;}]}&#10;assert 422 in (200, 201)&#10; +  where 422 = &lt;Response [422]&gt;.status_code">backend/tests/test_historical_and_strength.py:99: in test_low_salary_low_cibil_not_eligible
    assert r.status_code in (200, 201), r.text
E   AssertionError: {"detail":[{"type":"missing","loc":["body","employment_type"],"msg":"Field required","input":{"full_name":"TEST_LowStrength Case","mobile":"9000000199","email":"TEST_lowstrength@example.com","city":"Hyderabad","requirement":"personal_loan","source":"test","additional_data":{"net_salary":5000,"cibil_score":500,"company_type":"unlisted","age":30}},"url":"https://errors.pydantic.dev/2.12/v/missing"}]}
E   assert 422 in (200, 201)
E    +  where 422 = &lt;Response [422]&gt;.status_code</failure></testcase></testsuite></testsuites>