<?xml version="1.0" encoding="utf-8"?><testsuites name="pytest tests"><testsuite name="pytest" errors="0" failures="0" skipped="0" tests="15" time="4.954" timestamp="2026-02-07T10:56:38.851357+00:00" hostname="agent-env-f1d8cdee-de87-437c-9d01-934ad83d858c"><testcase classname="backend.tests.test_lead_assignment.TestAdminLogin" name="test_admin_login_success" time="0.336" /><testcase classname="backend.tests.test_lead_assignment.TestAdminLogin" name="test_admin_login_invalid_password" time="0.266" /><testcase classname="backend.tests.test_lead_assignment.TestOperationsLogin" name="test_operations_login_success" time="0.261" /><testcase classname="backend.tests.test_lead_assignment.TestOperationsLogin" name="test_operations_login_invalid_password" time="0.262" /><testcase classname="backend.tests.test_lead_assignment.TestOperationsTeamEndpoint" name="test_get_operations_team_as_admin" time="0.310" /><testcase classname="backend.tests.test_lead_assignment.TestOperationsTeamEndpoint" name="test_get_operations_team_as_operations" time="0.305" /><testcase classname="backend.tests.test_lead_assignment.TestOperationsTeamEndpoint" name="test_get_operations_team_unauthorized" time="0.080" /><testcase classname="backend.tests.test_lead_assignment.TestLeadAssignment" name="test_assign_lead_as_admin" time="0.406" /><testcase classname="backend.tests.test_lead_assignment.TestLeadAssignment" name="test_assign_lead_as_operations" time="0.643" /><testcase classname="backend.tests.test_lead_assignment.TestLeadAssignment" name="test_assign_lead_invalid_assignee" time="0.337" /><testcase classname="backend.tests.test_lead_assignment.TestLeadAssignment" name="test_assign_lead_to_non_operations" time="0.345" /><testcase classname="backend.tests.test_lead_assignment.TestLeadAssignment" name="test_assign_lead_invalid_lead_id" time="0.305" /><testcase classname="backend.tests.test_lead_assignment.TestLeadAssignment" name="test_assign_lead_unauthorized" time="0.379" /><testcase classname="backend.tests.test_lead_assignment.TestOperationsDashboardData" name="test_operations_can_view_leads" time="0.297" /><testcase classname="backend.tests.test_lead_assignment.TestOperationsDashboardData" name="test_operations_can_view_lead_detail" time="0.341" /></testsuite></testsuites>