<?xml version="1.0" encoding="utf-8"?><testsuites name="pytest tests"><testsuite name="pytest" errors="0" failures="0" skipped="0" tests="11" time="4.136" timestamp="2026-03-09T12:28:40.909040+00:00" hostname="agent-env-63992087-1184-4623-95e7-8e7248459ab3"><testcase classname="backend.tests.test_manager_teamleader_features.TestManagerLogin" name="test_manager_login_success" time="0.455" /><testcase classname="backend.tests.test_manager_teamleader_features.TestTeamLeaderLogin" name="test_team_leader_login_success" time="0.330" /><testcase classname="backend.tests.test_manager_teamleader_features.TestSystemEarningsEndpoint" name="test_manager_can_access_system_earnings" time="0.410" /><testcase classname="backend.tests.test_manager_teamleader_features.TestSystemEarningsEndpoint" name="test_team_leader_can_access_system_earnings" time="0.392" /><testcase classname="backend.tests.test_manager_teamleader_features.TestSystemEarningsEndpoint" name="test_unauthenticated_cannot_access_system_earnings" time="0.110" /><testcase classname="backend.tests.test_manager_teamleader_features.TestLeadDetailAccess" name="test_manager_can_access_lead_detail" time="0.392" /><testcase classname="backend.tests.test_manager_teamleader_features.TestLeadDetailAccess" name="test_team_leader_can_access_lead_detail" time="0.392" /><testcase classname="backend.tests.test_manager_teamleader_features.TestHierarchyEndpoints" name="test_manager_can_access_my_team" time="0.391" /><testcase classname="backend.tests.test_manager_teamleader_features.TestHierarchyEndpoints" name="test_team_leader_can_access_my_team" time="0.394" /><testcase classname="backend.tests.test_manager_teamleader_features.TestHierarchyEndpoints" name="test_manager_can_access_my_leads" time="0.394" /><testcase classname="backend.tests.test_manager_teamleader_features.TestHierarchyEndpoints" name="test_team_leader_can_access_my_leads" time="0.387" /></testsuite></testsuites>