<?xml version="1.0" encoding="utf-8"?><testsuites name="pytest tests"><testsuite name="pytest" errors="0" failures="0" skipped="0" tests="14" time="1.310" timestamp="2026-02-07T10:37:32.477743+00:00" hostname="agent-env-f1d8cdee-de87-437c-9d01-934ad83d858c"><testcase classname="backend.tests.test_qr_and_auth.TestHealthCheck" name="test_api_health" time="0.085" /><testcase classname="backend.tests.test_qr_and_auth.TestOTPAuthentication" name="test_send_otp_agent" time="0.039" /><testcase classname="backend.tests.test_qr_and_auth.TestOTPAuthentication" name="test_send_otp_partner" time="0.042" /><testcase classname="backend.tests.test_qr_and_auth.TestOTPAuthentication" name="test_verify_otp_agent_success" time="0.049" /><testcase classname="backend.tests.test_qr_and_auth.TestOTPAuthentication" name="test_verify_otp_partner_success" time="0.041" /><testcase classname="backend.tests.test_qr_and_auth.TestOTPAuthentication" name="test_verify_otp_invalid_code" time="0.041" /><testcase classname="backend.tests.test_qr_and_auth.TestQRCodeGeneration" name="test_qr_data_for_agent" time="0.090" /><testcase classname="backend.tests.test_qr_and_auth.TestQRCodeGeneration" name="test_qr_data_for_partner" time="0.085" /><testcase classname="backend.tests.test_qr_and_auth.TestQRCodeGeneration" name="test_qr_generate_image_for_agent" time="0.100" /><testcase classname="backend.tests.test_qr_and_auth.TestQRCodeGeneration" name="test_qr_generate_image_for_partner" time="0.083" /><testcase classname="backend.tests.test_qr_and_auth.TestQRCodeGeneration" name="test_qr_data_invalid_id" time="0.042" /><testcase classname="backend.tests.test_qr_and_auth.TestAgentEndpoints" name="test_get_agent_by_user_id" time="0.091" /><testcase classname="backend.tests.test_qr_and_auth.TestPartnerEndpoints" name="test_get_partner_dashboard" time="0.081" /><testcase classname="backend.tests.test_qr_and_auth.TestRegistrationFlow" name="test_agent_registration_creates_agent_record" time="0.367" /></testsuite></testsuites>