<?xml version="1.0" encoding="utf-8"?><testsuites name="pytest tests"><testsuite name="pytest" errors="0" failures="0" skipped="0" tests="12" time="6.526" timestamp="2026-03-10T07:07:52.598584+00:00" hostname="agent-env-f37d840f-8ee3-4ac7-b714-3c9b61373bb2"><testcase classname="backend.tests.test_query_hold_and_daily_report.TestQueryHoldFeature" name="test_existing_query_hold_lead_has_reason" time="0.527" /><testcase classname="backend.tests.test_query_hold_and_daily_report.TestQueryHoldFeature" name="test_query_hold_reason_in_activity_log" time="0.441" /><testcase classname="backend.tests.test_query_hold_and_daily_report.TestQueryHoldFeature" name="test_update_status_to_query_hold_with_reason" time="0.862" /><testcase classname="backend.tests.test_query_hold_and_daily_report.TestQueryHoldFeature" name="test_query_hold_without_reason_should_work" time="0.671" /><testcase classname="backend.tests.test_query_hold_and_daily_report.TestDailyReport" name="test_daily_report_returns_data" time="0.433" /><testcase classname="backend.tests.test_query_hold_and_daily_report.TestDailyReport" name="test_daily_report_total_approved_amount_calculation" time="0.441" /><testcase classname="backend.tests.test_query_hold_and_daily_report.TestDailyReport" name="test_daily_report_total_disbursed_amount_calculation" time="0.455" /><testcase classname="backend.tests.test_query_hold_and_daily_report.TestDailyReport" name="test_daily_report_loan_type_from_additional_data" time="0.424" /><testcase classname="backend.tests.test_query_hold_and_daily_report.TestDailyReport" name="test_daily_report_lead_structure" time="0.461" /><testcase classname="backend.tests.test_query_hold_and_daily_report.TestDailyReport" name="test_daily_report_operations_access" time="0.814" /><testcase classname="backend.tests.test_query_hold_and_daily_report.TestDailyReport" name="test_daily_report_unauthenticated_access" time="0.454" /><testcase classname="backend.tests.test_query_hold_and_daily_report.TestDailyReport" name="test_daily_report_invalid_date_format" time="0.471" /></testsuite></testsuites>