<?xml version="1.0" encoding="utf-8"?><testsuites name="pytest tests"><testsuite name="pytest" errors="0" failures="2" skipped="0" tests="12" time="6.412" timestamp="2026-03-10T07:06:46.694621+00:00" hostname="agent-env-f37d840f-8ee3-4ac7-b714-3c9b61373bb2"><testcase classname="backend.tests.test_query_hold_and_daily_report.TestQueryHoldFeature" name="test_existing_query_hold_lead_has_reason" time="0.593" /><testcase classname="backend.tests.test_query_hold_and_daily_report.TestQueryHoldFeature" name="test_query_hold_reason_in_activity_log" time="0.453" /><testcase classname="backend.tests.test_query_hold_and_daily_report.TestQueryHoldFeature" name="test_update_status_to_query_hold_with_reason" time="0.563"><failure message="assert 401 == 200&#10; +  where 401 = &lt;Response [401]&gt;.status_code">backend/tests/test_query_hold_and_daily_report.py:72: in test_update_status_to_query_hold_with_reason
    assert response.status_code == 200
E   assert 401 == 200
E    +  where 401 = &lt;Response [401]&gt;.status_code</failure></testcase><testcase classname="backend.tests.test_query_hold_and_daily_report.TestQueryHoldFeature" name="test_query_hold_without_reason_should_work" time="0.569"><failure message="assert 401 == 200&#10; +  where 401 = &lt;Response [401]&gt;.status_code">backend/tests/test_query_hold_and_daily_report.py:138: in test_query_hold_without_reason_should_work
    assert response.status_code == 200
E   assert 401 == 200
E    +  where 401 = &lt;Response [401]&gt;.status_code</failure></testcase><testcase classname="backend.tests.test_query_hold_and_daily_report.TestDailyReport" name="test_daily_report_returns_data" time="0.520" /><testcase classname="backend.tests.test_query_hold_and_daily_report.TestDailyReport" name="test_daily_report_total_approved_amount_calculation" time="0.466" /><testcase classname="backend.tests.test_query_hold_and_daily_report.TestDailyReport" name="test_daily_report_total_disbursed_amount_calculation" time="0.462" /><testcase classname="backend.tests.test_query_hold_and_daily_report.TestDailyReport" name="test_daily_report_loan_type_from_additional_data" time="0.444" /><testcase classname="backend.tests.test_query_hold_and_daily_report.TestDailyReport" name="test_daily_report_lead_structure" time="0.498" /><testcase classname="backend.tests.test_query_hold_and_daily_report.TestDailyReport" name="test_daily_report_operations_access" time="0.860" /><testcase classname="backend.tests.test_query_hold_and_daily_report.TestDailyReport" name="test_daily_report_unauthenticated_access" time="0.436" /><testcase classname="backend.tests.test_query_hold_and_daily_report.TestDailyReport" name="test_daily_report_invalid_date_format" time="0.441" /></testsuite></testsuites>