<?xml version="1.0" encoding="utf-8"?><testsuites name="pytest tests"><testsuite name="pytest" errors="0" failures="0" skipped="0" tests="16" time="2.583" timestamp="2026-02-11T07:22:13.469239+00:00" hostname="agent-env-956478ad-ddb8-4e96-a1fc-1bcf4a9c3a74"><testcase classname="backend.tests.test_registration_flows.TestPartnerRegistration" name="test_partner_registration_success" time="0.350" /><testcase classname="backend.tests.test_registration_flows.TestPartnerRegistration" name="test_partner_duplicate_email_rejected" time="0.041" /><testcase classname="backend.tests.test_registration_flows.TestAgentRegistration" name="test_agent_registration_success" time="0.268" /><testcase classname="backend.tests.test_registration_flows.TestAgentRegistration" name="test_agent_duplicate_email_rejected" time="0.077" /><testcase classname="backend.tests.test_registration_flows.TestLoginFlows" name="test_admin_login_success" time="0.262" /><testcase classname="backend.tests.test_registration_flows.TestLoginFlows" name="test_unapproved_partner_login_rejected" time="0.259" /><testcase classname="backend.tests.test_registration_flows.TestLoginFlows" name="test_unapproved_agent_login_rejected" time="0.260" /><testcase classname="backend.tests.test_registration_flows.TestLoginFlows" name="test_invalid_credentials_rejected" time="0.035" /><testcase classname="backend.tests.test_registration_flows.TestAdminApproval" name="test_admin_can_view_all_users" time="0.036" /><testcase classname="backend.tests.test_registration_flows.TestAdminApproval" name="test_admin_approve_partner" time="0.036" /><testcase classname="backend.tests.test_registration_flows.TestAdminApproval" name="test_admin_approve_agent" time="0.037" /><testcase classname="backend.tests.test_registration_flows.TestAdminApproval" name="test_approved_partner_can_login" time="0.255" /><testcase classname="backend.tests.test_registration_flows.TestAdminApproval" name="test_approved_agent_can_login" time="0.256" /><testcase classname="backend.tests.test_registration_flows.TestFileUpload" name="test_public_file_upload" time="0.035" /><testcase classname="backend.tests.test_registration_flows.TestFileUpload" name="test_storage_status" time="0.035" /><testcase classname="backend.tests.test_registration_flows.TestOpsLogin" name="test_ops_login_success" time="0.265" /></testsuite></testsuites>