<?xml version="1.0" encoding="utf-8"?><testsuites name="pytest tests"><testsuite name="pytest" errors="0" failures="0" skipped="0" tests="10" time="1.541" timestamp="2026-08-28T15:23:19.016218+00:00" hostname="agent-env-12cc4622-e402-40ae-b5ad-cbf80be76cf3"><testcase classname="backend.tests.test_smart_emi_and_bt" name="test_bt_lead_emi_resolved_to_sum_of_loans" time="0.561" /><testcase classname="backend.tests.test_smart_emi_and_bt" name="test_bt_lead_emi_source_string" time="0.000" /><testcase classname="backend.tests.test_smart_emi_and_bt" name="test_bt_lead_foir_auto_calc" time="0.000" /><testcase classname="backend.tests.test_smart_emi_and_bt" name="test_bt_lead_bajaj_not_eligible" time="0.000" /><testcase classname="backend.tests.test_smart_emi_and_bt" name="test_bt_lead_hdfc_eligible_realistic_amount" time="0.000" /><testcase classname="backend.tests.test_smart_emi_and_bt" name="test_bt_lead_eligible_counts" time="0.000" /><testcase classname="backend.tests.test_smart_emi_and_bt" name="test_bt_lead_profile_strength_fair" time="0.000" /><testcase classname="backend.tests.test_smart_emi_and_bt" name="test_backcompat_lead_with_obligations_emi_only" time="0.313" /><testcase classname="backend.tests.test_smart_emi_and_bt" name="test_backcompat_lead_16000" time="0.152" /><testcase classname="backend.tests.test_smart_emi_and_bt" name="test_obligations_emi_takes_priority_over_loan_fields" time="0.460" /></testsuite></testsuites>