<?xml version="1.0" encoding="utf-8"?><testsuites name="pytest tests"><testsuite name="pytest" errors="0" failures="0" skipped="0" tests="5" time="2.402" timestamp="2026-03-10T09:09:45.720618+00:00" hostname="agent-env-f37d840f-8ee3-4ac7-b714-3c9b61373bb2"><testcase classname="tests.test_time_filter_stats.TestTimeFilterStats" name="test_leads_endpoint_returns_data" time="0.579" /><testcase classname="tests.test_time_filter_stats.TestTimeFilterStats" name="test_eligibilities_have_timestamps" time="0.449" /><testcase classname="tests.test_time_filter_stats.TestTimeFilterStats" name="test_backend_handles_boolean_true_for_login_done" time="0.450" /><testcase classname="tests.test_time_filter_stats.TestTimeFilterStats" name="test_backend_handles_boolean_true_for_disbursed" time="0.436" /><testcase classname="tests.test_time_filter_stats.TestTimeFilterStats" name="test_expected_stats_values" time="0.428" /></testsuite></testsuites>