<?xml version="1.0" encoding="utf-8"?><testsuites name="pytest tests"><testsuite name="pytest" errors="0" failures="0" skipped="0" tests="12" time="5.923" timestamp="2026-03-10T07:44:48.522021+00:00" hostname="agent-env-f37d840f-8ee3-4ac7-b714-3c9b61373bb2"><testcase classname="tests.test_total_eligible_and_pdf_export.TestAuthentication" name="test_admin_login" time="0.401" /><testcase classname="tests.test_total_eligible_and_pdf_export.TestAuthentication" name="test_ops_login" time="0.339" /><testcase classname="tests.test_total_eligible_and_pdf_export.TestTotalEligibleCalculation" name="test_get_all_leads" time="0.428" /><testcase classname="tests.test_total_eligible_and_pdf_export.TestTotalEligibleCalculation" name="test_leads_have_eligibilities" time="0.424" /><testcase classname="tests.test_total_eligible_and_pdf_export.TestTotalEligibleCalculation" name="test_total_eligible_api" time="0.435" /><testcase classname="tests.test_total_eligible_and_pdf_export.TestTotalEligibleCalculation" name="test_calculate_total_eligible_manually" time="0.455" /><testcase classname="tests.test_total_eligible_and_pdf_export.TestEligibilitySave" name="test_get_test_lead" time="0.432" /><testcase classname="tests.test_total_eligible_and_pdf_export.TestEligibilitySave" name="test_save_eligibility_with_null_fields" time="0.655" /><testcase classname="tests.test_total_eligible_and_pdf_export.TestEligibilitySave" name="test_save_eligibility_with_empty_bank_name" time="0.653" /><testcase classname="tests.test_total_eligible_and_pdf_export.TestEligibilitySave" name="test_save_multiple_eligibilities" time="0.759" /><testcase classname="tests.test_total_eligible_and_pdf_export.TestLeadsAPI" name="test_leads_have_required_fields_for_filtering" time="0.448" /><testcase classname="tests.test_total_eligible_and_pdf_export.TestLeadsAPI" name="test_leads_have_eligibilities_for_total_eligible" time="0.429" /></testsuite></testsuites>